20200044    LDB 2 0 68          0010 0000 0010 0000 0000 0000 0100 0100
20700040    LDB 7 0 64          0010 0000 0111 0000 0000 0000 0100 0000
20338045    LDB 3 7 69          0010 0000 0011 0011 1000 0000 0100 0101
06438800    OR 4 7 2            0000 0110 0100 0011 1000 1000 0000 0000
04519000    AND 5 3 4           0000 0100 0101 0001 1001 0000 0000 0000
00529000    ADD 5 5 4           0000 0000 0101 0010 1001 0000 0000 0000
60538008    BEQ 5 7 8           0110 0000 0101 0011 1000 0000 0000 1000
08619000    SLT 6 3 4           0000 1000 0110 0001 1001 0000 0000 0000
60600001    BEQ 6 0 1           0110 0000 0110 0000 0000 0000 0000 0001
20500000    LDB 5 0 0           0010 0000 0101 0000 0000 0000 0000 0000
08638800    SLT 6 7 2           0000 1000 0110 0011 1000 1000 0000 0000
00731400    ADD 7 6 5           0000 0000 0111 0011 0001 0100 0000 0000
02738800    SUB 7 7 2           0000 0010 0111 0011 1000 1000 0000 0000
6200000f    JMP 15              0110 0010 0000 0000 0000 0000 0000 1111
20700000    LDB 7 0 0           0010 0000 0111 0000 0000 0000 0000 0000
24710047    STB 7 2 71          0010 0100 0111 0001 0000 0000 0100 0111
26700000    STW 7 0 0           0010 0110 0111 0000 0000 0000 0000 0000
24700001    STB 7 0 1           0010 0100 0111 0000 0000 0000 0000 0001
20100001    LDB 1 0 1           0010 0000 0001 0000 0000 0000 0000 0001
22100000    LDW 1 0 0           0010 0010 0001 0000 0000 0000 0000 0000
0e31ffff    ADDI 3 3 -1         0000 1110 0011 0001 1111 1111 1111 1111
0a318c00    MUL 3 3 3           0000 1010 0011 0001 1000 1100 0000 0000
